{"total": {"lines":{"total":1727,"covered":698,"skipped":0,"pct":40.41},"statements":{"total":1854,"covered":787,"skipped":0,"pct":42.44},"functions":{"total":133,"covered":74,"skipped":0,"pct":55.63},"branches":{"total":166,"covered":83,"skipped":0,"pct":50},"branchesTrue":{"total":0,"covered":0,"skipped":0,"pct":100}}
,"/home/alex/code/ecies-ed25519-js/src/index.ts": {"lines":{"total":69,"covered":60,"skipped":0,"pct":86.95},"functions":{"total":11,"covered":9,"skipped":0,"pct":81.81},"statements":{"total":79,"covered":68,"skipped":0,"pct":86.07},"branches":{"total":6,"covered":0,"skipped":0,"pct":0}}
,"/home/alex/code/ecies-ed25519-js/src/nobleEd.ts": {"lines":{"total":250,"covered":185,"skipped":0,"pct":74},"functions":{"total":66,"covered":31,"skipped":0,"pct":46.96},"statements":{"total":354,"covered":260,"skipped":0,"pct":73.44},"branches":{"total":90,"covered":54,"skipped":0,"pct":60}}
,"/home/alex/code/ecies-ed25519-js/src/edwards25519/bigIntCommon.ts": {"lines":{"total":14,"covered":14,"skipped":0,"pct":100},"functions":{"total":0,"covered":0,"skipped":0,"pct":100},"statements":{"total":14,"covered":14,"skipped":0,"pct":100},"branches":{"total":0,"covered":0,"skipped":0,"pct":100}}
,"/home/alex/code/ecies-ed25519-js/src/edwards25519/cachedGroupElement.ts": {"lines":{"total":6,"covered":2,"skipped":0,"pct":33.33},"functions":{"total":1,"covered":0,"skipped":0,"pct":0},"statements":{"total":6,"covered":2,"skipped":0,"pct":33.33},"branches":{"total":8,"covered":0,"skipped":0,"pct":0}}
,"/home/alex/code/ecies-ed25519-js/src/edwards25519/completedGroupElement.ts": {"lines":{"total":59,"covered":24,"skipped":0,"pct":40.67},"functions":{"total":7,"covered":4,"skipped":0,"pct":57.14},"statements":{"total":59,"covered":24,"skipped":0,"pct":40.67},"branches":{"total":8,"covered":8,"skipped":0,"pct":100}}
,"/home/alex/code/ecies-ed25519-js/src/edwards25519/const.ts": {"lines":{"total":11,"covered":11,"skipped":0,"pct":100},"functions":{"total":0,"covered":0,"skipped":0,"pct":100},"statements":{"total":11,"covered":11,"skipped":0,"pct":100},"branches":{"total":0,"covered":0,"skipped":0,"pct":100}}
,"/home/alex/code/ecies-ed25519-js/src/edwards25519/extendedGroupElement.ts": {"lines":{"total":120,"covered":60,"skipped":0,"pct":50},"functions":{"total":9,"covered":6,"skipped":0,"pct":66.66},"statements":{"total":124,"covered":64,"skipped":0,"pct":51.61},"branches":{"total":13,"covered":8,"skipped":0,"pct":61.53}}
,"/home/alex/code/ecies-ed25519-js/src/edwards25519/fieldElement.ts": {"lines":{"total":358,"covered":295,"skipped":0,"pct":82.4},"functions":{"total":19,"covered":16,"skipped":0,"pct":84.21},"statements":{"total":360,"covered":296,"skipped":0,"pct":82.22},"branches":{"total":1,"covered":1,"skipped":0,"pct":100}}
,"/home/alex/code/ecies-ed25519-js/src/edwards25519/preComputedGroupElement.ts": {"lines":{"total":27,"covered":27,"skipped":0,"pct":100},"functions":{"total":6,"covered":6,"skipped":0,"pct":100},"statements":{"total":28,"covered":28,"skipped":0,"pct":100},"branches":{"total":6,"covered":6,"skipped":0,"pct":100}}
,"/home/alex/code/ecies-ed25519-js/src/edwards25519/projectiveGroupElement.ts": {"lines":{"total":85,"covered":19,"skipped":0,"pct":22.35},"functions":{"total":7,"covered":2,"skipped":0,"pct":28.57},"statements":{"total":87,"covered":19,"skipped":0,"pct":21.83},"branches":{"total":24,"covered":6,"skipped":0,"pct":25}}
,"/home/alex/code/ecies-ed25519-js/src/edwards25519/scalar.ts": {"lines":{"total":711,"covered":0,"skipped":0,"pct":0},"functions":{"total":3,"covered":0,"skipped":0,"pct":0},"statements":{"total":714,"covered":0,"skipped":0,"pct":0},"branches":{"total":5,"covered":0,"skipped":0,"pct":0}}
,"/home/alex/code/ecies-ed25519-js/src/utils/arrayHelper.ts": {"lines":{"total":7,"covered":1,"skipped":0,"pct":14.28},"functions":{"total":1,"covered":0,"skipped":0,"pct":0},"statements":{"total":8,"covered":1,"skipped":0,"pct":12.5},"branches":{"total":5,"covered":0,"skipped":0,"pct":0}}
,"/home/alex/code/ecies-ed25519-js/src/utils/bitHelper.ts": {"lines":{"total":10,"covered":0,"skipped":0,"pct":0},"functions":{"total":3,"covered":0,"skipped":0,"pct":0},"statements":{"total":10,"covered":0,"skipped":0,"pct":0},"branches":{"total":0,"covered":0,"skipped":0,"pct":100}}
}
